<?xml version="1.0" encoding="UTF-8"?>
<!-- Generated by org.testng.reporters.JUnitXMLReporter -->
<testsuite ignored="0" hostname="LAPTOP-0F9G0NRM" failures="0" tests="3" name="Test" time="57.987" errors="0" timestamp="2024-07-20T22:19:14 COT">
  <testcase classname="testAutomation.test.AgregarNuevaTareaPrueba" name="agregarNuevaTarea" time="8.18"/>
  <testcase classname="testAutomation.test.ModificarTareaPrueba" name="modificarTareaPrueba" time="23.325"/>
  <testcase classname="testAutomation.test.ElimitarTareaPrueba" name="eliminaTarea" time="11.413"/>
</testsuite> <!-- Test -->
