<?xml version="1.0" encoding="UTF-8"?>
<testng-results ignored="0" total="3" passed="3" failed="0" skipped="0">
  <reporter-output>
  </reporter-output>
  <suite started-at="2024-07-20T22:18:16 COT" name="Suite" finished-at="2024-07-20T22:19:14 COT" duration-ms="57987">
    <groups>
    </groups>
    <test started-at="2024-07-20T22:18:16 COT" name="Test" finished-at="2024-07-20T22:19:14 COT" duration-ms="57987">
      <class name="testAutomation.test.ModificarTareaPrueba">
        <test-method is-config="true" signature="lanzarAplicacion()[pri:0, instance:testAutomation.test.ModificarTareaPrueba@2d1ef81a]" started-at="2024-07-20T22:18:32 COT" name="lanzarAplicacion" finished-at="2024-07-20T22:18:37 COT" duration-ms="5285" status="PASS">
          <reporter-output>
          </reporter-output>
        </test-method> <!-- lanzarAplicacion -->
        <test-method signature="modificarTareaPrueba()[pri:0, instance:testAutomation.test.ModificarTareaPrueba@2d1ef81a]" started-at="2024-07-20T22:18:37 COT" name="modificarTareaPrueba" finished-at="2024-07-20T22:19:00 COT" duration-ms="23325" status="PASS">
          <reporter-output>
          </reporter-output>
        </test-method> <!-- modificarTareaPrueba -->
      </class> <!-- testAutomation.test.ModificarTareaPrueba -->
      <class name="testAutomation.test.ElimitarTareaPrueba">
        <test-method is-config="true" signature="lanzarAplicacion()[pri:0, instance:testAutomation.test.ElimitarTareaPrueba@4c402120]" started-at="2024-07-20T22:19:00 COT" name="lanzarAplicacion" finished-at="2024-07-20T22:19:02 COT" duration-ms="2134" status="PASS">
          <reporter-output>
          </reporter-output>
        </test-method> <!-- lanzarAplicacion -->
        <test-method signature="eliminaTarea()[pri:0, instance:testAutomation.test.ElimitarTareaPrueba@4c402120]" started-at="2024-07-20T22:19:02 COT" name="eliminaTarea" finished-at="2024-07-20T22:19:14 COT" duration-ms="11413" status="PASS">
          <reporter-output>
          </reporter-output>
        </test-method> <!-- eliminaTarea -->
      </class> <!-- testAutomation.test.ElimitarTareaPrueba -->
      <class name="testAutomation.test.AgregarNuevaTareaPrueba">
        <test-method is-config="true" signature="lanzarAplicacion()[pri:0, instance:testAutomation.test.AgregarNuevaTareaPrueba@7b2bbc3]" started-at="2024-07-20T22:18:16 COT" name="lanzarAplicacion" finished-at="2024-07-20T22:18:24 COT" duration-ms="7554" status="PASS">
          <reporter-output>
          </reporter-output>
        </test-method> <!-- lanzarAplicacion -->
        <test-method signature="agregarNuevaTarea()[pri:0, instance:testAutomation.test.AgregarNuevaTareaPrueba@7b2bbc3]" started-at="2024-07-20T22:18:24 COT" name="agregarNuevaTarea" finished-at="2024-07-20T22:18:32 COT" duration-ms="8180" status="PASS">
          <reporter-output>
          </reporter-output>
        </test-method> <!-- agregarNuevaTarea -->
      </class> <!-- testAutomation.test.AgregarNuevaTareaPrueba -->
    </test> <!-- Test -->
  </suite> <!-- Suite -->
</testng-results>
